<?xml version="1.0" encoding="UTF-8"?>
<testng-results ignored="0" total="1" passed="1" failed="0" skipped="0">
  <reporter-output>
  </reporter-output>
  <suite started-at="2024-06-16T15:51:45 IST" name="Default suite" finished-at="2024-06-16T15:51:53 IST" duration-ms="7748">
    <groups>
      <group name="cucumber">
        <method signature="AbstractTestNGCucumberTests.runScenario(io.cucumber.testng.PickleWrapper,io.cucumber.testng.FeatureWrapper)[pri:0, instance:com.framework.servicenow.tests.rest.TC001_CreateAccount@97e93f1]" name="runScenario" class="io.cucumber.testng.AbstractTestNGCucumberTests"/>
      </group> <!-- cucumber -->
    </groups>
    <test started-at="2024-06-16T15:51:45 IST" name="Default test" finished-at="2024-06-16T15:51:53 IST" duration-ms="7748">
      <class name="com.framework.servicenow.tests.rest.TC001_CreateAccount">
        <test-method is-config="true" signature="startReport()[pri:0, instance:com.framework.servicenow.tests.rest.TC001_CreateAccount@97e93f1]" started-at="2024-06-16T15:51:45 IST" name="startReport" finished-at="2024-06-16T15:51:45 IST" duration-ms="356" status="PASS">
          <reporter-output>
          </reporter-output>
        </test-method> <!-- startReport -->
        <test-method is-config="true" signature="setValues()[pri:0, instance:com.framework.servicenow.tests.rest.TC001_CreateAccount@97e93f1]" started-at="2024-06-16T15:51:45 IST" name="setValues" finished-at="2024-06-16T15:51:45 IST" duration-ms="1" status="PASS">
          <reporter-output>
          </reporter-output>
        </test-method> <!-- setValues -->
        <test-method is-config="true" signature="setUpClass(org.testng.ITestContext)[pri:0, instance:com.framework.servicenow.tests.rest.TC001_CreateAccount@97e93f1]" started-at="2024-06-16T15:51:45 IST" name="setUpClass" finished-at="2024-06-16T15:51:45 IST" duration-ms="355" status="PASS">
          <params>
            <param index="0">
              <value>
                <![CDATA[org.testng.TestRunner@55c50f52]]>
              </value>
            </param>
          </params>
          <reporter-output>
          </reporter-output>
        </test-method> <!-- setUpClass -->
        <test-method is-config="true" signature="startTestCase()[pri:0, instance:com.framework.servicenow.tests.rest.TC001_CreateAccount@97e93f1]" started-at="2024-06-16T15:51:45 IST" name="startTestCase" finished-at="2024-06-16T15:51:45 IST" duration-ms="10" status="PASS">
          <reporter-output>
          </reporter-output>
        </test-method> <!-- startTestCase -->
        <test-method is-config="true" signature="beforeMethod()[pri:0, instance:com.framework.servicenow.tests.rest.TC001_CreateAccount@97e93f1]" started-at="2024-06-16T15:51:45 IST" name="beforeMethod" finished-at="2024-06-16T15:51:52 IST" duration-ms="6377" status="PASS">
          <reporter-output>
          </reporter-output>
        </test-method> <!-- beforeMethod -->
        <test-method signature="createAccount(java.io.File)[pri:0, instance:com.framework.servicenow.tests.rest.TC001_CreateAccount@97e93f1]" started-at="2024-06-16T15:51:52 IST" name="createAccount" data-provider="fetchData" finished-at="2024-06-16T15:51:53 IST" duration-ms="937" status="PASS">
          <params>
            <param index="0">
              <value>
                <![CDATA[.\data\TC001.JSON]]>
              </value>
            </param>
          </params>
          <reporter-output>
          </reporter-output>
        </test-method> <!-- createAccount -->
        <test-method is-config="true" signature="tearDownClass()[pri:0, instance:com.framework.servicenow.tests.rest.TC001_CreateAccount@97e93f1]" started-at="2024-06-16T15:51:53 IST" name="tearDownClass" finished-at="2024-06-16T15:51:53 IST" duration-ms="5" status="PASS">
          <reporter-output>
          </reporter-output>
        </test-method> <!-- tearDownClass -->
        <test-method is-config="true" signature="endResult()[pri:0, instance:com.framework.servicenow.tests.rest.TC001_CreateAccount@97e93f1]" started-at="2024-06-16T15:51:53 IST" name="endResult" finished-at="2024-06-16T15:51:53 IST" duration-ms="513" status="PASS">
          <reporter-output>
          </reporter-output>
        </test-method> <!-- endResult -->
      </class> <!-- com.framework.servicenow.tests.rest.TC001_CreateAccount -->
    </test> <!-- Default test -->
  </suite> <!-- Default suite -->
</testng-results>
