<?xml version="1.0" encoding="UTF-8"?>
<!-- Generated by org.testng.reporters.JUnitReportReporter -->
<testsuite hostname="DESKTOP-BN3PUO8" failures="0" tests="1" name="com.framework.servicenow.tests.rest.TC003_DeleteIncident" time="3.855" errors="0" timestamp="2023-12-09T14:26:03 IST" skipped="0">
  <testcase classname="com.framework.servicenow.tests.rest.TC003_DeleteIncident" name="deleteIncident" time="3.855"/>
  <system-out/>
</testsuite> <!-- com.framework.servicenow.tests.rest.TC003_DeleteIncident -->
