<?xml version="1.0" encoding="UTF-8"?>
<!-- Generated by org.testng.reporters.JUnitReportReporter -->
<testsuite hostname="DESKTOP-BN3PUO8" failures="0" tests="1" name="com.framework.servicenow.tests.rest.TC002_UpdateIncident" time="3.666" errors="0" timestamp="2023-12-09T17:58:15 IST" skipped="0">
  <testcase classname="com.framework.servicenow.tests.rest.TC002_UpdateIncident" name="updateIncident" time="3.666"/>
  <system-out/>
</testsuite> <!-- com.framework.servicenow.tests.rest.TC002_UpdateIncident -->
