<?xml version="1.0" encoding="UTF-8"?>
<!-- Generated by org.testng.reporters.JUnitReportReporter -->
<testsuite skipped="1" hostname="TL1061" name="com.servicenow.testcases.TC_001Create_Incident2" tests="2" failures="0" timestamp="2023-11-03T16:56:38 IST" time="7951.982" errors="1">
  <testcase name="preCondition" time="7951.982" classname="com.servicenow.testcases.TC_001Create_Incident2">
    <error type="java.lang.StackOverflowError">
      <![CDATA[java.lang.StackOverflowError
at java.util.regex.Pattern$BmpCharProperty.match(Pattern.java:3811)
at java.util.regex.Pattern$GroupHead.match(Pattern.java:4672)
at java.util.regex.Pattern$Branch.match(Pattern.java:4618)
at java.util.regex.Pattern$Branch.match(Pattern.java:4616)
at java.util.regex.Pattern$Branch.match(Pattern.java:4616)
at java.util.regex.Pattern$BranchConn.match(Pattern.java:4582)
at java.util.regex.Pattern$GroupTail.match(Pattern.java:4731)
at java.util.regex.Pattern$Curly.match0(Pattern.java:4293)
at java.util.regex.Pattern$Curly.match(Pattern.java:4248)
at java.util.regex.Pattern$GroupHead.match(Pattern.java:4672)
at java.util.regex.Pattern$Branch.match(Pattern.java:4618)
at java.util.regex.Pattern$Branch.match(Pattern.java:4616)
at java.util.regex.Pattern$BmpCharProperty.match(Pattern.java:3812)
at java.util.regex.Pattern$Start.match(Pattern.java:3475)
at java.util.regex.Matcher.search(Matcher.java:1248)
at java.util.regex.Matcher.find(Matcher.java:664)
at java.util.Formatter.parse(Formatter.java:2549)
at java.util.Formatter.format(Formatter.java:2501)
at java.util.Formatter.format(Formatter.java:2455)
at java.lang.String.format(String.java:2940)
at org.openqa.selenium.SharedCapabilitiesMethods.lambda$abbreviate$4(SharedCapabilitiesMethods.java:115)
at java.util.stream.ReferencePipeline$3$1.accept(ReferencePipeline.java:193)
at java.util.stream.SortedOps$SizedRefSortingSink.end(SortedOps.java:352)
at java.util.stream.AbstractPipeline.copyInto(AbstractPipeline.java:483)
at java.util.stream.AbstractPipeline.wrapAndCopyInto(AbstractPipeline.java:472)
at java.util.stream.ReduceOps$ReduceOp.evaluateSequential(ReduceOps.java:708)
at java.util.stream.AbstractPipeline.evaluate(AbstractPipeline.java:234)
at java.util.stream.ReferencePipeline.collect(ReferencePipeline.java:499)
at org.openqa.selenium.SharedCapabilitiesMethods.abbreviate(SharedCapabilitiesMethods.java:117)
at org.openqa.selenium.SharedCapabilitiesMethods.toString(SharedCapabilitiesMethods.java:84)
at org.openqa.selenium.ImmutableCapabilities.toString(ImmutableCapabilities.java:184)
at org.openqa.selenium.remote.RemoteWebDriver.populateWebDriverException(RemoteWebDriver.java:670)
at org.openqa.selenium.remote.RemoteWebDriver.execute(RemoteWebDriver.java:633)
at org.openqa.selenium.remote.RemoteWebDriver.execute(RemoteWebDriver.java:675)
at org.openqa.selenium.remote.RemoteWebDriver.execute(RemoteWebDriver.java:679)
at org.openqa.selenium.remote.RemoteWebDriver.getScreenshotAs(RemoteWebDriver.java:325)
at com.framework.selenium.api.base.SeleniumBase.takeSnap(SeleniumBase.java:851)
at com.framework.utils.Reporter.reportStep(Reporter.java:84)
at com.framework.utils.Reporter.reportStep(Reporter.java:111)
at com.framework.selenium.api.base.SeleniumBase.takeSnap(SeleniumBase.java:854)
at com.framework.utils.Reporter.reportStep(Reporter.java:84)
at com.framework.utils.Reporter.reportStep(Reporter.java:111)
at com.framework.selenium.api.base.SeleniumBase.takeSnap(SeleniumBase.java:854)
at com.framework.utils.Reporter.reportStep(Reporter.java:84)
at com.framework.utils.Reporter.reportStep(Reporter.java:111)
at com.framework.selenium.api.base.SeleniumBase.takeSnap(SeleniumBase.java:854)
at com.framework.utils.Reporter.reportStep(Reporter.java:84)
at com.framework.utils.Reporter.reportStep(Reporter.java:111)
at com.framework.selenium.api.base.SeleniumBase.takeSnap(SeleniumBase.java:854)
at com.framework.utils.Reporter.reportStep(Reporter.java:84)
at com.framework.utils.Reporter.reportStep(Reporter.java:111)
at com.framework.selenium.api.base.SeleniumBase.takeSnap(SeleniumBase.java:854)
at com.framework.utils.Reporter.reportStep(Reporter.java:84)
at com.framework.utils.Reporter.reportStep(Reporter.java:111)
at com.framework.selenium.api.base.SeleniumBase.takeSnap(SeleniumBase.java:854)
at com.framework.utils.Reporter.reportStep(Reporter.java:84)
at com.framework.utils.Reporter.reportStep(Reporter.java:111)
at com.framework.selenium.api.base.SeleniumBase.takeSnap(SeleniumBase.java:854)
at com.framework.utils.Reporter.reportStep(Reporter.java:84)
at com.framework.utils.Reporter.reportStep(Reporter.java:111)
at com.framework.selenium.api.base.SeleniumBase.takeSnap(SeleniumBase.java:854)
at com.framework.utils.Reporter.reportStep(Reporter.java:84)
at com.framework.utils.Reporter.reportStep(Reporter.java:111)
at com.framework.selenium.api.base.SeleniumBase.takeSnap(SeleniumBase.java:854)
at com.framework.utils.Reporter.reportStep(Reporter.java:84)
at com.framework.utils.Reporter.reportStep(Reporter.java:111)
at com.framework.selenium.api.base.SeleniumBase.takeSnap(SeleniumBase.java:854)
at com.framework.utils.Reporter.reportStep(Reporter.java:84)
at com.framework.utils.Reporter.reportStep(Reporter.java:111)
at com.framework.selenium.api.base.SeleniumBase.takeSnap(SeleniumBase.java:854)
at com.framework.utils.Reporter.reportStep(Reporter.java:84)
at com.framework.utils.Reporter.reportStep(Reporter.java:111)
at com.framework.selenium.api.base.SeleniumBase.takeSnap(SeleniumBase.java:854)
at com.framework.utils.Reporter.reportStep(Reporter.java:84)
at com.framework.utils.Reporter.reportStep(Reporter.java:111)
at com.framework.selenium.api.base.SeleniumBase.takeSnap(SeleniumBase.java:854)
at com.framework.utils.Reporter.reportStep(Reporter.java:84)
at com.framework.utils.Reporter.reportStep(Reporter.java:111)
at com.framework.selenium.api.base.SeleniumBase.takeSnap(SeleniumBase.java:854)
at com.framework.utils.Reporter.reportStep(Reporter.java:84)
at com.framework.utils.Reporter.reportStep(Reporter.java:111)
at com.framework.selenium.api.base.SeleniumBase.takeSnap(SeleniumBase.java:854)
at com.framework.utils.Reporter.reportStep(Reporter.java:84)
at com.framework.utils.Reporter.reportStep(Reporter.java:111)
at com.framework.selenium.api.base.SeleniumBase.takeSnap(SeleniumBase.java:854)
at com.framework.utils.Reporter.reportStep(Reporter.java:84)
at com.framework.utils.Reporter.reportStep(Reporter.java:111)
at com.framework.selenium.api.base.SeleniumBase.takeSnap(SeleniumBase.java:854)
at com.framework.utils.Reporter.reportStep(Reporter.java:84)
at com.framework.utils.Reporter.reportStep(Reporter.java:111)
at com.framework.selenium.api.base.SeleniumBase.takeSnap(SeleniumBase.java:854)
at com.framework.utils.Reporter.reportStep(Reporter.java:84)
at com.framework.utils.Reporter.reportStep(Reporter.java:111)
at com.framework.selenium.api.base.SeleniumBase.takeSnap(SeleniumBase.java:854)
at com.framework.utils.Reporter.reportStep(Reporter.java:84)
at com.framework.utils.Reporter.reportStep(Reporter.java:111)
at com.framework.selenium.api.base.SeleniumBase.takeSnap(SeleniumBase.java:854)
at com.framework.utils.Reporter.reportStep(Reporter.java:84)
at com.framework.utils.Reporter.reportStep(Reporter.java:111)
at com.framework.selenium.api.base.SeleniumBase.takeSnap(SeleniumBase.java:854)
at com.framework.utils.Reporter.reportStep(Reporter.java:84)
at com.framework.utils.Reporter.reportStep(Reporter.java:111)
at com.framework.selenium.api.base.SeleniumBase.takeSnap(SeleniumBase.java:854)
at com.framework.utils.Reporter.reportStep(Reporter.java:84)
at com.framework.utils.Reporter.reportStep(Reporter.java:111)
at com.framework.selenium.api.base.SeleniumBase.takeSnap(SeleniumBase.java:854)
at com.framework.utils.Reporter.reportStep(Reporter.java:84)
at com.framework.utils.Reporter.reportStep(Reporter.java:111)
at com.framework.selenium.api.base.SeleniumBase.takeSnap(SeleniumBase.java:854)
at com.framework.utils.Reporter.reportStep(Reporter.java:84)
at com.framework.utils.Reporter.reportStep(Reporter.java:111)
at com.framework.selenium.api.base.SeleniumBase.takeSnap(SeleniumBase.java:854)
at com.framework.utils.Reporter.reportStep(Reporter.java:84)
at com.framework.utils.Reporter.reportStep(Reporter.java:111)
at com.framework.selenium.api.base.SeleniumBase.takeSnap(SeleniumBase.java:854)
at com.framework.utils.Reporter.reportStep(Reporter.java:84)
at com.framework.utils.Reporter.reportStep(Reporter.java:111)
at com.framework.selenium.api.base.SeleniumBase.takeSnap(SeleniumBase.java:854)
at com.framework.utils.Reporter.reportStep(Reporter.java:84)
at com.framework.utils.Reporter.reportStep(Reporter.java:111)
at com.framework.selenium.api.base.SeleniumBase.takeSnap(SeleniumBase.java:854)
at com.framework.utils.Reporter.reportStep(Reporter.java:84)
at com.framework.utils.Reporter.reportStep(Reporter.java:111)
at com.framework.selenium.api.base.SeleniumBase.takeSnap(SeleniumBase.java:854)
at com.framework.utils.Reporter.reportStep(Reporter.java:84)
at com.framework.utils.Reporter.reportStep(Reporter.java:111)
at com.framework.selenium.api.base.SeleniumBase.takeSnap(SeleniumBase.java:854)
at com.framework.utils.Reporter.reportStep(Reporter.java:84)
at com.framework.utils.Reporter.reportStep(Reporter.java:111)
at com.framework.selenium.api.base.SeleniumBase.takeSnap(SeleniumBase.java:854)
at com.framework.utils.Reporter.reportStep(Reporter.java:84)
at com.framework.utils.Reporter.reportStep(Reporter.java:111)
at com.framework.selenium.api.base.SeleniumBase.takeSnap(SeleniumBase.java:854)
at com.framework.utils.Reporter.reportStep(Reporter.java:84)
at com.framework.utils.Reporter.reportStep(Reporter.java:111)
at com.framework.selenium.api.base.SeleniumBase.takeSnap(SeleniumBase.java:854)
at com.framework.utils.Reporter.reportStep(Reporter.java:84)
at com.framework.utils.Reporter.reportStep(Reporter.java:111)
at com.framework.selenium.api.base.SeleniumBase.takeSnap(SeleniumBase.java:854)
at com.framework.utils.Reporter.reportStep(Reporter.java:84)
at com.framework.utils.Reporter.reportStep(Reporter.java:111)
at com.framework.selenium.api.base.SeleniumBase.takeSnap(SeleniumBase.java:854)
at com.framework.utils.Reporter.reportStep(Reporter.java:84)
at com.framework.utils.Reporter.reportStep(Reporter.java:111)
at com.framework.selenium.api.base.SeleniumBase.takeSnap(SeleniumBase.java:854)
at com.framework.utils.Reporter.reportStep(Reporter.java:84)
at com.framework.utils.Reporter.reportStep(Reporter.java:111)
at com.framework.selenium.api.base.SeleniumBase.takeSnap(SeleniumBase.java:854)
at com.framework.utils.Reporter.reportStep(Reporter.java:84)
at com.framework.utils.Reporter.reportStep(Reporter.java:111)
at com.framework.selenium.api.base.SeleniumBase.takeSnap(SeleniumBase.java:854)
at com.framework.utils.Reporter.reportStep(Reporter.java:84)
at com.framework.utils.Reporter.reportStep(Reporter.java:111)
at com.framework.selenium.api.base.SeleniumBase.takeSnap(SeleniumBase.java:854)
at com.framework.utils.Reporter.reportStep(Reporter.java:84)
at com.framework.utils.Reporter.reportStep(Reporter.java:111)
at com.framework.selenium.api.base.SeleniumBase.takeSnap(SeleniumBase.java:854)
at com.framework.utils.Reporter.reportStep(Reporter.java:84)
at com.framework.utils.Reporter.reportStep(Reporter.java:111)
at com.framework.selenium.api.base.SeleniumBase.takeSnap(SeleniumBase.java:854)
at com.framework.utils.Reporter.reportStep(Reporter.java:84)
at com.framework.utils.Reporter.reportStep(Reporter.java:111)
at com.framework.selenium.api.base.SeleniumBase.takeSnap(SeleniumBase.java:854)
at com.framework.utils.Reporter.reportStep(Reporter.java:84)
at com.framework.utils.Reporter.reportStep(Reporter.java:111)
at com.framework.selenium.api.base.SeleniumBase.takeSnap(SeleniumBase.java:854)
at com.framework.utils.Reporter.reportStep(Reporter.java:84)
at com.framework.utils.Reporter.reportStep(Reporter.java:111)
at com.framework.selenium.api.base.SeleniumBase.takeSnap(SeleniumBase.java:854)
at com.framework.utils.Reporter.reportStep(Reporter.java:84)
at com.framework.utils.Reporter.reportStep(Reporter.java:111)
at com.framework.selenium.api.base.SeleniumBase.takeSnap(SeleniumBase.java:854)
at com.framework.utils.Reporter.reportStep(Reporter.java:84)
at com.framework.utils.Reporter.reportStep(Reporter.java:111)
at com.framework.selenium.api.base.SeleniumBase.takeSnap(SeleniumBase.java:854)
at com.framework.utils.Reporter.reportStep(Reporter.java:84)
at com.framework.utils.Reporter.reportStep(Reporter.java:111)
at com.framework.selenium.api.base.SeleniumBase.takeSnap(SeleniumBase.java:854)
at com.framework.utils.Reporter.reportStep(Reporter.java:84)
at com.framework.utils.Reporter.reportStep(Reporter.java:111)
at com.framework.selenium.api.base.SeleniumBase.takeSnap(SeleniumBase.java:854)
at com.framework.utils.Reporter.reportStep(Reporter.java:84)
at com.framework.utils.Reporter.reportStep(Reporter.java:111)
at com.framework.selenium.api.base.SeleniumBase.takeSnap(SeleniumBase.java:854)
at com.framework.utils.Reporter.reportStep(Reporter.java:84)
at com.framework.utils.Reporter.reportStep(Reporter.java:111)
at com.framework.selenium.api.base.SeleniumBase.takeSnap(SeleniumBase.java:854)
at com.framework.utils.Reporter.reportStep(Reporter.java:84)
at com.framework.utils.Reporter.reportStep(Reporter.java:111)
at com.framework.selenium.api.base.SeleniumBase.takeSnap(SeleniumBase.java:854)
at com.framework.utils.Reporter.reportStep(Reporter.java:84)
at com.framework.utils.Reporter.reportStep(Reporter.java:111)
at com.framework.selenium.api.base.SeleniumBase.takeSnap(SeleniumBase.java:854)
at com.framework.utils.Reporter.reportStep(Reporter.java:84)
at com.framework.utils.Reporter.reportStep(Reporter.java:111)
at com.framework.selenium.api.base.SeleniumBase.takeSnap(SeleniumBase.java:854)
at com.framework.utils.Reporter.reportStep(Reporter.java:84)
at com.framework.utils.Reporter.reportStep(Reporter.java:111)
at com.framework.selenium.api.base.SeleniumBase.takeSnap(SeleniumBase.java:854)
at com.framework.utils.Reporter.reportStep(Reporter.java:84)
at com.framework.utils.Reporter.reportStep(Reporter.java:111)
at com.framework.selenium.api.base.SeleniumBase.takeSnap(SeleniumBase.java:854)
at com.framework.utils.Reporter.reportStep(Reporter.java:84)
at com.framework.utils.Reporter.reportStep(Reporter.java:111)
at com.framework.selenium.api.base.SeleniumBase.takeSnap(SeleniumBase.java:854)
at com.framework.utils.Reporter.reportStep(Reporter.java:84)
at com.framework.utils.Reporter.reportStep(Reporter.java:111)
at com.framework.selenium.api.base.SeleniumBase.takeSnap(SeleniumBase.java:854)
at com.framework.utils.Reporter.reportStep(Reporter.java:84)
at com.framework.utils.Reporter.reportStep(Reporter.java:111)
at com.framework.selenium.api.base.SeleniumBase.takeSnap(SeleniumBase.java:854)
at com.framework.utils.Reporter.reportStep(Reporter.java:84)
at com.framework.utils.Reporter.reportStep(Reporter.java:111)
at com.framework.selenium.api.base.SeleniumBase.takeSnap(SeleniumBase.java:854)
at com.framework.utils.Reporter.reportStep(Reporter.java:84)
at com.framework.utils.Reporter.reportStep(Reporter.java:111)
at com.framework.selenium.api.base.SeleniumBase.takeSnap(SeleniumBase.java:854)
at com.framework.utils.Reporter.reportStep(Reporter.java:84)
at com.framework.utils.Reporter.reportStep(Reporter.java:111)
at com.framework.selenium.api.base.SeleniumBase.takeSnap(SeleniumBase.java:854)
at com.framework.utils.Reporter.reportStep(Reporter.java:84)
at com.framework.utils.Reporter.reportStep(Reporter.java:111)
at com.framework.selenium.api.base.SeleniumBase.takeSnap(SeleniumBase.java:854)
at com.framework.utils.Reporter.reportStep(Reporter.java:84)
at com.framework.utils.Reporter.reportStep(Reporter.java:111)
at com.framework.selenium.api.base.SeleniumBase.takeSnap(SeleniumBase.java:854)
at com.framework.utils.Reporter.reportStep(Reporter.java:84)
at com.framework.utils.Reporter.reportStep(Reporter.java:111)
at com.framework.selenium.api.base.SeleniumBase.takeSnap(SeleniumBase.java:854)
at com.framework.utils.Reporter.reportStep(Reporter.java:84)
at com.framework.utils.Reporter.reportStep(Reporter.java:111)
at com.framework.selenium.api.base.SeleniumBase.takeSnap(SeleniumBase.java:854)
at com.framework.utils.Reporter.reportStep(Reporter.java:84)
at com.framework.utils.Reporter.reportStep(Reporter.java:111)
at com.framework.selenium.api.base.SeleniumBase.takeSnap(SeleniumBase.java:854)
at com.framework.utils.Reporter.reportStep(Reporter.java:84)
at com.framework.utils.Reporter.reportStep(Reporter.java:111)
at com.framework.selenium.api.base.SeleniumBase.takeSnap(SeleniumBase.java:854)
at com.framework.utils.Reporter.reportStep(Reporter.java:84)
at com.framework.utils.Reporter.reportStep(Reporter.java:111)
at com.framework.selenium.api.base.SeleniumBase.takeSnap(SeleniumBase.java:854)
at com.framework.utils.Reporter.reportStep(Reporter.java:84)
at com.framework.utils.Reporter.reportStep(Reporter.java:111)
at com.framework.selenium.api.base.SeleniumBase.takeSnap(SeleniumBase.java:854)
at com.framework.utils.Reporter.reportStep(Reporter.java:84)
at com.framework.utils.Reporter.reportStep(Reporter.java:111)
at com.framework.selenium.api.base.SeleniumBase.takeSnap(SeleniumBase.java:854)
at com.framework.utils.Reporter.reportStep(Reporter.java:84)
at com.framework.utils.Reporter.reportStep(Reporter.java:111)
at com.framework.selenium.api.base.SeleniumBase.takeSnap(SeleniumBase.java:854)
at com.framework.utils.Reporter.reportStep(Reporter.java:84)
at com.framework.utils.Reporter.reportStep(Reporter.java:111)
at com.framework.selenium.api.base.SeleniumBase.takeSnap(SeleniumBase.java:854)
at com.framework.utils.Reporter.reportStep(Reporter.java:84)
at com.framework.utils.Reporter.reportStep(Reporter.java:111)
at com.framework.selenium.api.base.SeleniumBase.takeSnap(SeleniumBase.java:854)
at com.framework.utils.Reporter.reportStep(Reporter.java:84)
at com.framework.utils.Reporter.reportStep(Reporter.java:111)
at com.framework.selenium.api.base.SeleniumBase.takeSnap(SeleniumBase.java:854)
at com.framework.utils.Reporter.reportStep(Reporter.java:84)
at com.framework.utils.Reporter.reportStep(Reporter.java:111)
at com.framework.selenium.api.base.SeleniumBase.takeSnap(SeleniumBase.java:854)
at com.framework.utils.Reporter.reportStep(Reporter.java:84)
at com.framework.utils.Reporter.reportStep(Reporter.java:111)
at com.framework.selenium.api.base.SeleniumBase.takeSnap(SeleniumBase.java:854)
at com.framework.utils.Reporter.reportStep(Reporter.java:84)
at com.framework.utils.Reporter.reportStep(Reporter.java:111)
at com.framework.selenium.api.base.SeleniumBase.takeSnap(SeleniumBase.java:854)
at com.framework.utils.Reporter.reportStep(Reporter.java:84)
at com.framework.utils.Reporter.reportStep(Reporter.java:111)
at com.framework.selenium.api.base.SeleniumBase.takeSnap(SeleniumBase.java:854)
at com.framework.utils.Reporter.reportStep(Reporter.java:84)
at com.framework.utils.Reporter.reportStep(Reporter.java:111)
at com.framework.selenium.api.base.SeleniumBase.takeSnap(SeleniumBase.java:854)
at com.framework.utils.Reporter.reportStep(Reporter.java:84)
at com.framework.utils.Reporter.reportStep(Reporter.java:111)
at com.framework.selenium.api.base.SeleniumBase.takeSnap(SeleniumBase.java:854)
at com.framework.utils.Reporter.reportStep(Reporter.java:84)
at com.framework.utils.Reporter.reportStep(Reporter.java:111)
at com.framework.selenium.api.base.SeleniumBase.takeSnap(SeleniumBase.java:854)
at com.framework.utils.Reporter.reportStep(Reporter.java:84)
at com.framework.utils.Reporter.reportStep(Reporter.java:111)
at com.framework.selenium.api.base.SeleniumBase.takeSnap(SeleniumBase.java:854)
at com.framework.utils.Reporter.reportStep(Reporter.java:84)
at com.framework.utils.Reporter.reportStep(Reporter.java:111)
at com.framework.selenium.api.base.SeleniumBase.takeSnap(SeleniumBase.java:854)
at com.framework.utils.Reporter.reportStep(Reporter.java:84)
at com.framework.utils.Reporter.reportStep(Reporter.java:111)
at com.framework.selenium.api.base.SeleniumBase.takeSnap(SeleniumBase.java:854)
at com.framework.utils.Reporter.reportStep(Reporter.java:84)
at com.framework.utils.Reporter.reportStep(Reporter.java:111)
at com.framework.selenium.api.base.SeleniumBase.takeSnap(SeleniumBase.java:854)
at com.framework.utils.Reporter.reportStep(Reporter.java:84)
at com.framework.utils.Reporter.reportStep(Reporter.java:111)
at com.framework.selenium.api.base.SeleniumBase.takeSnap(SeleniumBase.java:854)
at com.framework.utils.Reporter.reportStep(Reporter.java:84)
at com.framework.utils.Reporter.reportStep(Reporter.java:111)
at com.framework.selenium.api.base.SeleniumBase.takeSnap(SeleniumBase.java:854)
at com.framework.utils.Reporter.reportStep(Reporter.java:84)
at com.framework.utils.Reporter.reportStep(Reporter.java:111)
at com.framework.selenium.api.base.SeleniumBase.takeSnap(SeleniumBase.java:854)
at com.framework.utils.Reporter.reportStep(Reporter.java:84)
at com.framework.utils.Reporter.reportStep(Reporter.java:111)
at com.framework.selenium.api.base.SeleniumBase.takeSnap(SeleniumBase.java:854)
at com.framework.utils.Reporter.reportStep(Reporter.java:84)
at com.framework.utils.Reporter.reportStep(Reporter.java:111)
at com.framework.selenium.api.base.SeleniumBase.takeSnap(SeleniumBase.java:854)
at com.framework.utils.Reporter.reportStep(Reporter.java:84)
at com.framework.utils.Reporter.reportStep(Reporter.java:111)
at com.framework.selenium.api.base.SeleniumBase.takeSnap(SeleniumBase.java:854)
at com.framework.utils.Reporter.reportStep(Reporter.java:84)
at com.framework.utils.Reporter.reportStep(Reporter.java:111)
at com.framework.selenium.api.base.SeleniumBase.takeSnap(SeleniumBase.java:854)
at com.framework.utils.Reporter.reportStep(Reporter.java:84)
at com.framework.utils.Reporter.reportStep(Reporter.java:111)
at com.framework.selenium.api.base.SeleniumBase.takeSnap(SeleniumBase.java:854)
at com.framework.utils.Reporter.reportStep(Reporter.java:84)
at com.framework.utils.Reporter.reportStep(Reporter.java:111)
at com.framework.selenium.api.base.SeleniumBase.takeSnap(SeleniumBase.java:854)
at com.framework.utils.Reporter.reportStep(Reporter.java:84)
at com.framework.utils.Reporter.reportStep(Reporter.java:111)
at com.framework.selenium.api.base.SeleniumBase.takeSnap(SeleniumBase.java:854)
at com.framework.utils.Reporter.reportStep(Reporter.java:84)
at com.framework.utils.Reporter.reportStep(Reporter.java:111)
at com.framework.selenium.api.base.SeleniumBase.takeSnap(SeleniumBase.java:854)
at com.framework.utils.Reporter.reportStep(Reporter.java:84)
at com.framework.utils.Reporter.reportStep(Reporter.java:111)
at com.framework.selenium.api.base.SeleniumBase.takeSnap(SeleniumBase.java:854)
at com.framework.utils.Reporter.reportStep(Reporter.java:84)
at com.framework.utils.Reporter.reportStep(Reporter.java:111)
at com.framework.selenium.api.base.SeleniumBase.takeSnap(SeleniumBase.java:854)
at com.framework.utils.Reporter.reportStep(Reporter.java:84)
at com.framework.utils.Reporter.reportStep(Reporter.java:111)
at com.framework.selenium.api.base.SeleniumBase.takeSnap(SeleniumBase.java:854)
at com.framework.utils.Reporter.reportStep(Reporter.java:84)
at com.framework.utils.Reporter.reportStep(Reporter.java:111)
at com.framework.selenium.api.base.SeleniumBase.takeSnap(SeleniumBase.java:854)
at com.framework.utils.Reporter.reportStep(Reporter.java:84)
at com.framework.utils.Reporter.reportStep(Reporter.java:111)
at com.framework.selenium.api.base.SeleniumBase.takeSnap(SeleniumBase.java:854)
at com.framework.utils.Reporter.reportStep(Reporter.java:84)
at com.framework.utils.Reporter.reportStep(Reporter.java:111)
at com.framework.selenium.api.base.SeleniumBase.takeSnap(SeleniumBase.java:854)
at com.framework.utils.Reporter.reportStep(Reporter.java:84)
at com.framework.utils.Reporter.reportStep(Reporter.java:111)
at com.framework.selenium.api.base.SeleniumBase.takeSnap(SeleniumBase.java:854)
at com.framework.utils.Reporter.reportStep(Reporter.java:84)
at com.framework.utils.Reporter.reportStep(Reporter.java:111)
at com.framework.selenium.api.base.SeleniumBase.takeSnap(SeleniumBase.java:854)
at com.framework.utils.Reporter.reportStep(Reporter.java:84)
at com.framework.utils.Reporter.reportStep(Reporter.java:111)
at com.framework.selenium.api.base.SeleniumBase.takeSnap(SeleniumBase.java:854)
at com.framework.utils.Reporter.reportStep(Reporter.java:84)
at com.framework.utils.Reporter.reportStep(Reporter.java:111)
at com.framework.selenium.api.base.SeleniumBase.takeSnap(SeleniumBase.java:854)
at com.framework.utils.Reporter.reportStep(Reporter.java:84)
at com.framework.utils.Reporter.reportStep(Reporter.java:111)
at com.framework.selenium.api.base.SeleniumBase.takeSnap(SeleniumBase.java:854)
at com.framework.utils.Reporter.reportStep(Reporter.java:84)
at com.framework.utils.Reporter.reportStep(Reporter.java:111)
at com.framework.selenium.api.base.SeleniumBase.takeSnap(SeleniumBase.java:854)
at com.framework.utils.Reporter.reportStep(Reporter.java:84)
at com.framework.utils.Reporter.reportStep(Reporter.java:111)
at com.framework.selenium.api.base.SeleniumBase.takeSnap(SeleniumBase.java:854)
at com.framework.utils.Reporter.reportStep(Reporter.java:84)
at com.framework.utils.Reporter.reportStep(Reporter.java:111)
at com.framework.selenium.api.base.SeleniumBase.takeSnap(SeleniumBase.java:854)
at com.framework.utils.Reporter.reportStep(Reporter.java:84)
at com.framework.utils.Reporter.reportStep(Reporter.java:111)
at com.framework.selenium.api.base.SeleniumBase.takeSnap(SeleniumBase.java:854)
at com.framework.utils.Reporter.reportStep(Reporter.java:84)
at com.framework.utils.Reporter.reportStep(Reporter.java:111)
at com.framework.selenium.api.base.SeleniumBase.takeSnap(SeleniumBase.java:854)
at com.framework.utils.Reporter.reportStep(Reporter.java:84)
at com.framework.utils.Reporter.reportStep(Reporter.java:111)
at com.framework.selenium.api.base.SeleniumBase.takeSnap(SeleniumBase.java:854)
at com.framework.utils.Reporter.reportStep(Reporter.java:84)
at com.framework.utils.Reporter.reportStep(Reporter.java:111)
at com.framework.selenium.api.base.SeleniumBase.takeSnap(SeleniumBase.java:854)
at com.framework.utils.Reporter.reportStep(Reporter.java:84)
at com.framework.utils.Reporter.reportStep(Reporter.java:111)
at com.framework.selenium.api.base.SeleniumBase.takeSnap(SeleniumBase.java:854)
at com.framework.utils.Reporter.reportStep(Reporter.java:84)
at com.framework.utils.Reporter.reportStep(Reporter.java:111)
at com.framework.selenium.api.base.SeleniumBase.takeSnap(SeleniumBase.java:854)
at com.framework.utils.Reporter.reportStep(Reporter.java:84)
at com.framework.utils.Reporter.reportStep(Reporter.java:111)
at com.framework.selenium.api.base.SeleniumBase.takeSnap(SeleniumBase.java:854)
at com.framework.utils.Reporter.reportStep(Reporter.java:84)
at com.framework.utils.Reporter.reportStep(Reporter.java:111)
at com.framework.selenium.api.base.SeleniumBase.takeSnap(SeleniumBase.java:854)
at com.framework.utils.Reporter.reportStep(Reporter.java:84)
at com.framework.utils.Reporter.reportStep(Reporter.java:111)
at com.framework.selenium.api.base.SeleniumBase.takeSnap(SeleniumBase.java:854)
at com.framework.utils.Reporter.reportStep(Reporter.java:84)
at com.framework.utils.Reporter.reportStep(Reporter.java:111)
at com.framework.selenium.api.base.SeleniumBase.takeSnap(SeleniumBase.java:854)
at com.framework.utils.Reporter.reportStep(Reporter.java:84)
at com.framework.utils.Reporter.reportStep(Reporter.java:111)
at com.framework.selenium.api.base.SeleniumBase.takeSnap(SeleniumBase.java:854)
at com.framework.utils.Reporter.reportStep(Reporter.java:84)
at com.framework.utils.Reporter.reportStep(Reporter.java:111)
at com.framework.selenium.api.base.SeleniumBase.takeSnap(SeleniumBase.java:854)
at com.framework.utils.Reporter.reportStep(Reporter.java:84)
at com.framework.utils.Reporter.reportStep(Reporter.java:111)
at com.framework.selenium.api.base.SeleniumBase.takeSnap(SeleniumBase.java:854)
at com.framework.utils.Reporter.reportStep(Reporter.java:84)
at com.framework.utils.Reporter.reportStep(Reporter.java:111)
at com.framework.selenium.api.base.SeleniumBase.takeSnap(SeleniumBase.java:854)
at com.framework.utils.Reporter.reportStep(Reporter.java:84)
at com.framework.utils.Reporter.reportStep(Reporter.java:111)
at com.framework.selenium.api.base.SeleniumBase.takeSnap(SeleniumBase.java:854)
at com.framework.utils.Reporter.reportStep(Reporter.java:84)
at com.framework.utils.Reporter.reportStep(Reporter.java:111)
at com.framework.selenium.api.base.SeleniumBase.takeSnap(SeleniumBase.java:854)
at com.framework.utils.Reporter.reportStep(Reporter.java:84)
at com.framework.utils.Reporter.reportStep(Reporter.java:111)
at com.framework.selenium.api.base.SeleniumBase.takeSnap(SeleniumBase.java:854)
at com.framework.utils.Reporter.reportStep(Reporter.java:84)
at com.framework.utils.Reporter.reportStep(Reporter.java:111)
at com.framework.selenium.api.base.SeleniumBase.takeSnap(SeleniumBase.java:854)
at com.framework.utils.Reporter.reportStep(Reporter.java:84)
at com.framework.utils.Reporter.reportStep(Reporter.java:111)
at com.framework.selenium.api.base.SeleniumBase.takeSnap(SeleniumBase.java:854)
at com.framework.utils.Reporter.reportStep(Reporter.java:84)
at com.framework.utils.Reporter.reportStep(Reporter.java:111)
at com.framework.selenium.api.base.SeleniumBase.takeSnap(SeleniumBase.java:854)
at com.framework.utils.Reporter.reportStep(Reporter.java:84)
at com.framework.utils.Reporter.reportStep(Reporter.java:111)
at com.framework.selenium.api.base.SeleniumBase.takeSnap(SeleniumBase.java:854)
at com.framework.utils.Reporter.reportStep(Reporter.java:84)
at com.framework.utils.Reporter.reportStep(Reporter.java:111)
at com.framework.selenium.api.base.SeleniumBase.takeSnap(SeleniumBase.java:854)
at com.framework.utils.Reporter.reportStep(Reporter.java:84)
at com.framework.utils.Reporter.reportStep(Reporter.java:111)
at com.framework.selenium.api.base.SeleniumBase.takeSnap(SeleniumBase.java:854)
at com.framework.utils.Reporter.reportStep(Reporter.java:84)
at com.framework.utils.Reporter.reportStep(Reporter.java:111)
at com.framework.selenium.api.base.SeleniumBase.takeSnap(SeleniumBase.java:854)
at com.framework.utils.Reporter.reportStep(Reporter.java:84)
at com.framework.utils.Reporter.reportStep(Reporter.java:111)
at com.framework.selenium.api.base.SeleniumBase.takeSnap(SeleniumBase.java:854)
at com.framework.utils.Reporter.reportStep(Reporter.java:84)
at com.framework.utils.Reporter.reportStep(Reporter.java:111)
at com.framework.selenium.api.base.SeleniumBase.takeSnap(SeleniumBase.java:854)
at com.framework.utils.Reporter.reportStep(Reporter.java:84)
at com.framework.utils.Reporter.reportStep(Reporter.java:111)
at com.framework.selenium.api.base.SeleniumBase.takeSnap(SeleniumBase.java:854)
at com.framework.utils.Reporter.reportStep(Reporter.java:84)
at com.framework.utils.Reporter.reportStep(Reporter.java:111)
at com.framework.selenium.api.base.SeleniumBase.takeSnap(SeleniumBase.java:854)
at com.framework.utils.Reporter.reportStep(Reporter.java:84)
at com.framework.utils.Reporter.reportStep(Reporter.java:111)
at com.framework.selenium.api.base.SeleniumBase.takeSnap(SeleniumBase.java:854)
at com.framework.utils.Reporter.reportStep(Reporter.java:84)
at com.framework.utils.Reporter.reportStep(Reporter.java:111)
at com.framework.selenium.api.base.SeleniumBase.takeSnap(SeleniumBase.java:854)
at com.framework.utils.Reporter.reportStep(Reporter.java:84)
at com.framework.utils.Reporter.reportStep(Reporter.java:111)
at com.framework.selenium.api.base.SeleniumBase.takeSnap(SeleniumBase.java:854)
at com.framework.utils.Reporter.reportStep(Reporter.java:84)
at com.framework.utils.Reporter.reportStep(Reporter.java:111)
at com.framework.selenium.api.base.SeleniumBase.takeSnap(SeleniumBase.java:854)
at com.framework.utils.Reporter.reportStep(Reporter.java:84)
at com.framework.utils.Reporter.reportStep(Reporter.java:111)
at com.framework.selenium.api.base.SeleniumBase.takeSnap(SeleniumBase.java:854)
at com.framework.utils.Reporter.reportStep(Reporter.java:84)
at com.framework.utils.Reporter.reportStep(Reporter.java:111)
at com.framework.selenium.api.base.SeleniumBase.takeSnap(SeleniumBase.java:854)
at com.framework.utils.Reporter.reportStep(Reporter.java:84)
at com.framework.utils.Reporter.reportStep(Reporter.java:111)
at com.framework.selenium.api.base.SeleniumBase.takeSnap(SeleniumBase.java:854)
at com.framework.utils.Reporter.reportStep(Reporter.java:84)
at com.framework.utils.Reporter.reportStep(Reporter.java:111)
at com.framework.selenium.api.base.SeleniumBase.takeSnap(SeleniumBase.java:854)
at com.framework.utils.Reporter.reportStep(Reporter.java:84)
at com.framework.utils.Reporter.reportStep(Reporter.java:111)
at com.framework.selenium.api.base.SeleniumBase.takeSnap(SeleniumBase.java:854)
at com.framework.utils.Reporter.reportStep(Reporter.java:84)
at com.framework.utils.Reporter.reportStep(Reporter.java:111)
at com.framework.selenium.api.base.SeleniumBase.takeSnap(SeleniumBase.java:854)
at com.framework.utils.Reporter.reportStep(Reporter.java:84)
at com.framework.utils.Reporter.reportStep(Reporter.java:111)
at com.framework.selenium.api.base.SeleniumBase.takeSnap(SeleniumBase.java:854)
at com.framework.utils.Reporter.reportStep(Reporter.java:84)
at com.framework.utils.Reporter.reportStep(Reporter.java:111)
at com.framework.selenium.api.base.SeleniumBase.takeSnap(SeleniumBase.java:854)
at com.framework.utils.Reporter.reportStep(Reporter.java:84)
at com.framework.utils.Reporter.reportStep(Reporter.java:111)
at com.framework.selenium.api.base.SeleniumBase.takeSnap(SeleniumBase.java:854)
at com.framework.utils.Reporter.reportStep(Reporter.java:84)
at com.framework.utils.Reporter.reportStep(Reporter.java:111)
at com.framework.selenium.api.base.SeleniumBase.takeSnap(SeleniumBase.java:854)
at com.framework.utils.Reporter.reportStep(Reporter.java:84)
at com.framework.utils.Reporter.reportStep(Reporter.java:111)
at com.framework.selenium.api.base.SeleniumBase.takeSnap(SeleniumBase.java:854)
at com.framework.utils.Reporter.reportStep(Reporter.java:84)
at com.framework.utils.Reporter.reportStep(Reporter.java:111)
at com.framework.selenium.api.base.SeleniumBase.takeSnap(SeleniumBase.java:854)
at com.framework.utils.Reporter.reportStep(Reporter.java:84)
at com.framework.utils.Reporter.reportStep(Reporter.java:111)
at com.framework.selenium.api.base.SeleniumBase.takeSnap(SeleniumBase.java:854)
at com.framework.utils.Reporter.reportStep(Reporter.java:84)
at com.framework.utils.Reporter.reportStep(Reporter.java:111)
at com.framework.selenium.api.base.SeleniumBase.takeSnap(SeleniumBase.java:854)
at com.framework.utils.Reporter.reportStep(Reporter.java:84)
at com.framework.utils.Reporter.reportStep(Reporter.java:111)
at com.framework.selenium.api.base.SeleniumBase.takeSnap(SeleniumBase.java:854)
at com.framework.utils.Reporter.reportStep(Reporter.java:84)
at com.framework.utils.Reporter.reportStep(Reporter.java:111)
at com.framework.selenium.api.base.SeleniumBase.takeSnap(SeleniumBase.java:854)
at com.framework.utils.Reporter.reportStep(Reporter.java:84)
at com.framework.utils.Reporter.reportStep(Reporter.java:111)
at com.framework.selenium.api.base.SeleniumBase.takeSnap(SeleniumBase.java:854)
at com.framework.utils.Reporter.reportStep(Reporter.java:84)
at com.framework.utils.Reporter.reportStep(Reporter.java:111)
at com.framework.selenium.api.base.SeleniumBase.takeSnap(SeleniumBase.java:854)
at com.framework.utils.Reporter.reportStep(Reporter.java:84)
at com.framework.utils.Reporter.reportStep(Reporter.java:111)
at com.framework.selenium.api.base.SeleniumBase.takeSnap(SeleniumBase.java:854)
at com.framework.utils.Reporter.reportStep(Reporter.java:84)
at com.framework.utils.Reporter.reportStep(Reporter.java:111)
at com.framework.selenium.api.base.SeleniumBase.takeSnap(SeleniumBase.java:854)
at com.framework.utils.Reporter.reportStep(Reporter.java:84)
at com.framework.utils.Reporter.reportStep(Reporter.java:111)
at com.framework.selenium.api.base.SeleniumBase.takeSnap(SeleniumBase.java:854)
at com.framework.utils.Reporter.reportStep(Reporter.java:84)
at com.framework.utils.Reporter.reportStep(Reporter.java:111)
at com.framework.selenium.api.base.SeleniumBase.takeSnap(SeleniumBase.java:854)
at com.framework.utils.Reporter.reportStep(Reporter.java:84)
at com.framework.utils.Reporter.reportStep(Reporter.java:111)
at com.framework.selenium.api.base.SeleniumBase.takeSnap(SeleniumBase.java:854)
at com.framework.utils.Reporter.reportStep(Reporter.java:84)
at com.framework.utils.Reporter.reportStep(Reporter.java:111)
at com.framework.selenium.api.base.SeleniumBase.takeSnap(SeleniumBase.java:854)
at com.framework.utils.Reporter.reportStep(Reporter.java:84)
at com.framework.utils.Reporter.reportStep(Reporter.java:111)
at com.framework.selenium.api.base.SeleniumBase.takeSnap(SeleniumBase.java:854)
at com.framework.utils.Reporter.reportStep(Reporter.java:84)
at com.framework.utils.Reporter.reportStep(Reporter.java:111)
at com.framework.selenium.api.base.SeleniumBase.takeSnap(SeleniumBase.java:854)
at com.framework.utils.Reporter.reportStep(Reporter.java:84)
at com.framework.utils.Reporter.reportStep(Reporter.java:111)
at com.framework.selenium.api.base.SeleniumBase.takeSnap(SeleniumBase.java:854)
at com.framework.utils.Reporter.reportStep(Reporter.java:84)
at com.framework.utils.Reporter.reportStep(Reporter.java:111)
at com.framework.selenium.api.base.SeleniumBase.takeSnap(SeleniumBase.java:854)
at com.framework.utils.Reporter.reportStep(Reporter.java:84)
at com.framework.utils.Reporter.reportStep(Reporter.java:111)
at com.framework.selenium.api.base.SeleniumBase.takeSnap(SeleniumBase.java:854)
at com.framework.utils.Reporter.reportStep(Reporter.java:84)
at com.framework.utils.Reporter.reportStep(Reporter.java:111)
at com.framework.selenium.api.base.SeleniumBase.takeSnap(SeleniumBase.java:854)
at com.framework.utils.Reporter.reportStep(Reporter.java:84)
at com.framework.utils.Reporter.reportStep(Reporter.java:111)
at com.framework.selenium.api.base.SeleniumBase.takeSnap(SeleniumBase.java:854)
at com.framework.utils.Reporter.reportStep(Reporter.java:84)
at com.framework.utils.Reporter.reportStep(Reporter.java:111)
at com.framework.selenium.api.base.SeleniumBase.takeSnap(SeleniumBase.java:854)
at com.framework.utils.Reporter.reportStep(Reporter.java:84)
at com.framework.utils.Reporter.reportStep(Reporter.java:111)
at com.framework.selenium.api.base.SeleniumBase.takeSnap(SeleniumBase.java:854)
at com.framework.utils.Reporter.reportStep(Reporter.java:84)
at com.framework.utils.Reporter.reportStep(Reporter.java:111)
at com.framework.selenium.api.base.SeleniumBase.takeSnap(SeleniumBase.java:854)
at com.framework.utils.Reporter.reportStep(Reporter.java:84)
at com.framework.utils.Reporter.reportStep(Reporter.java:111)
at com.framework.selenium.api.base.SeleniumBase.takeSnap(SeleniumBase.java:854)
at com.framework.utils.Reporter.reportStep(Reporter.java:84)
at com.framework.utils.Reporter.reportStep(Reporter.java:111)
at com.framework.selenium.api.base.SeleniumBase.takeSnap(SeleniumBase.java:854)
at com.framework.utils.Reporter.reportStep(Reporter.java:84)
at com.framework.utils.Reporter.reportStep(Reporter.java:111)
at com.framework.selenium.api.base.SeleniumBase.takeSnap(SeleniumBase.java:854)
at com.framework.utils.Reporter.reportStep(Reporter.java:84)
at com.framework.utils.Reporter.reportStep(Reporter.java:111)
at com.framework.selenium.api.base.SeleniumBase.takeSnap(SeleniumBase.java:854)
at com.framework.utils.Reporter.reportStep(Reporter.java:84)
at com.framework.utils.Reporter.reportStep(Reporter.java:111)
at com.framework.selenium.api.base.SeleniumBase.takeSnap(SeleniumBase.java:854)
at com.framework.utils.Reporter.reportStep(Reporter.java:84)
at com.framework.utils.Reporter.reportStep(Reporter.java:111)
at com.framework.selenium.api.base.SeleniumBase.takeSnap(SeleniumBase.java:854)
at com.framework.utils.Reporter.reportStep(Reporter.java:84)
at com.framework.utils.Reporter.reportStep(Reporter.java:111)
at com.framework.selenium.api.base.SeleniumBase.takeSnap(SeleniumBase.java:854)
at com.framework.utils.Reporter.reportStep(Reporter.java:84)
at com.framework.utils.Reporter.reportStep(Reporter.java:111)
at com.framework.selenium.api.base.SeleniumBase.takeSnap(SeleniumBase.java:854)
at com.framework.utils.Reporter.reportStep(Reporter.java:84)
at com.framework.utils.Reporter.reportStep(Reporter.java:111)
at com.framework.selenium.api.base.SeleniumBase.takeSnap(SeleniumBase.java:854)
at com.framework.utils.Reporter.reportStep(Reporter.java:84)
at com.framework.utils.Reporter.reportStep(Reporter.java:111)
at com.framework.selenium.api.base.SeleniumBase.takeSnap(SeleniumBase.java:854)
at com.framework.utils.Reporter.reportStep(Reporter.java:84)
at com.framework.utils.Reporter.reportStep(Reporter.java:111)
at com.framework.selenium.api.base.SeleniumBase.takeSnap(SeleniumBase.java:854)
at com.framework.utils.Reporter.reportStep(Reporter.java:84)
at com.framework.utils.Reporter.reportStep(Reporter.java:111)
at com.framework.selenium.api.base.SeleniumBase.takeSnap(SeleniumBase.java:854)
at com.framework.utils.Reporter.reportStep(Reporter.java:84)
at com.framework.utils.Reporter.reportStep(Reporter.java:111)
at com.framework.selenium.api.base.SeleniumBase.takeSnap(SeleniumBase.java:854)
at com.framework.utils.Reporter.reportStep(Reporter.java:84)
at com.framework.utils.Reporter.reportStep(Reporter.java:111)
at com.framework.selenium.api.base.SeleniumBase.takeSnap(SeleniumBase.java:854)
at com.framework.utils.Reporter.reportStep(Reporter.java:84)
at com.framework.utils.Reporter.reportStep(Reporter.java:111)
at com.framework.selenium.api.base.SeleniumBase.takeSnap(SeleniumBase.java:854)
at com.framework.utils.Reporter.reportStep(Reporter.java:84)
at com.framework.utils.Reporter.reportStep(Reporter.java:111)
at com.framework.selenium.api.base.SeleniumBase.takeSnap(SeleniumBase.java:854)
at com.framework.utils.Reporter.reportStep(Reporter.java:84)
at com.framework.utils.Reporter.reportStep(Reporter.java:111)
at com.framework.selenium.api.base.SeleniumBase.takeSnap(SeleniumBase.java:854)
at com.framework.utils.Reporter.reportStep(Reporter.java:84)
at com.framework.utils.Reporter.reportStep(Reporter.java:111)
at com.framework.selenium.api.base.SeleniumBase.takeSnap(SeleniumBase.java:854)
at com.framework.utils.Reporter.reportStep(Reporter.java:84)
at com.framework.utils.Reporter.reportStep(Reporter.java:111)
at com.framework.selenium.api.base.SeleniumBase.takeSnap(SeleniumBase.java:854)
at com.framework.utils.Reporter.reportStep(Reporter.java:84)
at com.framework.utils.Reporter.reportStep(Reporter.java:111)
at com.framework.selenium.api.base.SeleniumBase.takeSnap(SeleniumBase.java:854)
at com.framework.utils.Reporter.reportStep(Reporter.java:84)
at com.framework.utils.Reporter.reportStep(Reporter.java:111)
at com.framework.selenium.api.base.SeleniumBase.takeSnap(SeleniumBase.java:854)
at com.framework.utils.Reporter.reportStep(Reporter.java:84)
at com.framework.utils.Reporter.reportStep(Reporter.java:111)
at com.framework.selenium.api.base.SeleniumBase.takeSnap(SeleniumBase.java:854)
at com.framework.utils.Reporter.reportStep(Reporter.java:84)
at com.framework.utils.Reporter.reportStep(Reporter.java:111)
at com.framework.selenium.api.base.SeleniumBase.takeSnap(SeleniumBase.java:854)
at com.framework.utils.Reporter.reportStep(Reporter.java:84)
at com.framework.utils.Reporter.reportStep(Reporter.java:111)
at com.framework.selenium.api.base.SeleniumBase.takeSnap(SeleniumBase.java:854)
at com.framework.utils.Reporter.reportStep(Reporter.java:84)
at com.framework.utils.Reporter.reportStep(Reporter.java:111)
at com.framework.selenium.api.base.SeleniumBase.takeSnap(SeleniumBase.java:854)
at com.framework.utils.Reporter.reportStep(Reporter.java:84)
at com.framework.utils.Reporter.reportStep(Reporter.java:111)
at com.framework.selenium.api.base.SeleniumBase.takeSnap(SeleniumBase.java:854)
at com.framework.utils.Reporter.reportStep(Reporter.java:84)
at com.framework.utils.Reporter.reportStep(Reporter.java:111)
at com.framework.selenium.api.base.SeleniumBase.takeSnap(SeleniumBase.java:854)
at com.framework.utils.Reporter.reportStep(Reporter.java:84)
at com.framework.utils.Reporter.reportStep(Reporter.java:111)
at com.framework.selenium.api.base.SeleniumBase.takeSnap(SeleniumBase.java:854)
at com.framework.utils.Reporter.reportStep(Reporter.java:84)
at com.framework.utils.Reporter.reportStep(Reporter.java:111)
at com.framework.selenium.api.base.SeleniumBase.takeSnap(SeleniumBase.java:854)
at com.framework.utils.Reporter.reportStep(Reporter.java:84)
at com.framework.utils.Reporter.reportStep(Reporter.java:111)
at com.framework.selenium.api.base.SeleniumBase.takeSnap(SeleniumBase.java:854)
at com.framework.utils.Reporter.reportStep(Reporter.java:84)
at com.framework.utils.Reporter.reportStep(Reporter.java:111)
at com.framework.selenium.api.base.SeleniumBase.takeSnap(SeleniumBase.java:854)
at com.framework.utils.Reporter.reportStep(Reporter.java:84)
at com.framework.utils.Reporter.reportStep(Reporter.java:111)
at com.framework.selenium.api.base.SeleniumBase.takeSnap(SeleniumBase.java:854)
at com.framework.utils.Reporter.reportStep(Reporter.java:84)
at com.framework.utils.Reporter.reportStep(Reporter.java:111)
at com.framework.selenium.api.base.SeleniumBase.takeSnap(SeleniumBase.java:854)
at com.framework.utils.Reporter.reportStep(Reporter.java:84)
at com.framework.utils.Reporter.reportStep(Reporter.java:111)
at com.framework.selenium.api.base.SeleniumBase.takeSnap(SeleniumBase.java:854)
at com.framework.utils.Reporter.reportStep(Reporter.java:84)
at com.framework.utils.Reporter.reportStep(Reporter.java:111)
at com.framework.selenium.api.base.SeleniumBase.takeSnap(SeleniumBase.java:854)
at com.framework.utils.Reporter.reportStep(Reporter.java:84)
at com.framework.utils.Reporter.reportStep(Reporter.java:111)
at com.framework.selenium.api.base.SeleniumBase.takeSnap(SeleniumBase.java:854)
at com.framework.utils.Reporter.reportStep(Reporter.java:84)
at com.framework.utils.Reporter.reportStep(Reporter.java:111)
at com.framework.selenium.api.base.SeleniumBase.takeSnap(SeleniumBase.java:854)
at com.framework.utils.Reporter.reportStep(Reporter.java:84)
at com.framework.utils.Reporter.reportStep(Reporter.java:111)
at com.framework.selenium.api.base.SeleniumBase.takeSnap(SeleniumBase.java:854)
at com.framework.utils.Reporter.reportStep(Reporter.java:84)
at com.framework.utils.Reporter.reportStep(Reporter.java:111)
at com.framework.selenium.api.base.SeleniumBase.takeSnap(SeleniumBase.java:854)
at com.framework.utils.Reporter.reportStep(Reporter.java:84)
at com.framework.utils.Reporter.reportStep(Reporter.java:111)
at com.framework.selenium.api.base.SeleniumBase.takeSnap(SeleniumBase.java:854)
at com.framework.utils.Reporter.reportStep(Reporter.java:84)
at com.framework.utils.Reporter.reportStep(Reporter.java:111)
at com.framework.selenium.api.base.SeleniumBase.takeSnap(SeleniumBase.java:854)
at com.framework.utils.Reporter.reportStep(Reporter.java:84)
at com.framework.utils.Reporter.reportStep(Reporter.java:111)
at com.framework.selenium.api.base.SeleniumBase.takeSnap(SeleniumBase.java:854)
at com.framework.utils.Reporter.reportStep(Reporter.java:84)
at com.framework.utils.Reporter.reportStep(Reporter.java:111)
at com.framework.selenium.api.base.SeleniumBase.takeSnap(SeleniumBase.java:854)
at com.framework.utils.Reporter.reportStep(Reporter.java:84)
at com.framework.utils.Reporter.reportStep(Reporter.java:111)
at com.framework.selenium.api.base.SeleniumBase.takeSnap(SeleniumBase.java:854)
at com.framework.utils.Reporter.reportStep(Reporter.java:84)
at com.framework.utils.Reporter.reportStep(Reporter.java:111)
at com.framework.selenium.api.base.SeleniumBase.takeSnap(SeleniumBase.java:854)
at com.framework.utils.Reporter.reportStep(Reporter.java:84)
at com.framework.utils.Reporter.reportStep(Reporter.java:111)
at com.framework.selenium.api.base.SeleniumBase.takeSnap(SeleniumBase.java:854)
at com.framework.utils.Reporter.reportStep(Reporter.java:84)
at com.framework.utils.Reporter.reportStep(Reporter.java:111)
at com.framework.selenium.api.base.SeleniumBase.takeSnap(SeleniumBase.java:854)
at com.framework.utils.Reporter.reportStep(Reporter.java:84)
at com.framework.utils.Reporter.reportStep(Reporter.java:111)
at com.framework.selenium.api.base.SeleniumBase.takeSnap(SeleniumBase.java:854)
at com.framework.utils.Reporter.reportStep(Reporter.java:84)
at com.framework.utils.Reporter.reportStep(Reporter.java:111)
at com.framework.selenium.api.base.SeleniumBase.takeSnap(SeleniumBase.java:854)
at com.framework.utils.Reporter.reportStep(Reporter.java:84)
at com.framework.utils.Reporter.reportStep(Reporter.java:111)
at com.framework.selenium.api.base.SeleniumBase.takeSnap(SeleniumBase.java:854)
at com.framework.utils.Reporter.reportStep(Reporter.java:84)
at com.framework.utils.Reporter.reportStep(Reporter.java:111)
at com.framework.selenium.api.base.SeleniumBase.takeSnap(SeleniumBase.java:854)
at com.framework.utils.Reporter.reportStep(Reporter.java:84)
at com.framework.utils.Reporter.reportStep(Reporter.java:111)
at com.framework.selenium.api.base.SeleniumBase.takeSnap(SeleniumBase.java:854)
at com.framework.utils.Reporter.reportStep(Reporter.java:84)
at com.framework.utils.Reporter.reportStep(Reporter.java:111)
at com.framework.selenium.api.base.SeleniumBase.takeSnap(SeleniumBase.java:854)
at com.framework.utils.Reporter.reportStep(Reporter.java:84)
at com.framework.utils.Reporter.reportStep(Reporter.java:111)
at com.framework.selenium.api.base.SeleniumBase.takeSnap(SeleniumBase.java:854)
at com.framework.utils.Reporter.reportStep(Reporter.java:84)
at com.framework.utils.Reporter.reportStep(Reporter.java:111)
at com.framework.selenium.api.base.SeleniumBase.takeSnap(SeleniumBase.java:854)
at com.framework.utils.Reporter.reportStep(Reporter.java:84)
at com.framework.utils.Reporter.reportStep(Reporter.java:111)
at com.framework.selenium.api.base.SeleniumBase.takeSnap(SeleniumBase.java:854)
at com.framework.utils.Reporter.reportStep(Reporter.java:84)
at com.framework.utils.Reporter.reportStep(Reporter.java:111)
at com.framework.selenium.api.base.SeleniumBase.takeSnap(SeleniumBase.java:854)
at com.framework.utils.Reporter.reportStep(Reporter.java:84)
at com.framework.utils.Reporter.reportStep(Reporter.java:111)
at com.framework.selenium.api.base.SeleniumBase.takeSnap(SeleniumBase.java:854)
at com.framework.utils.Reporter.reportStep(Reporter.java:84)
at com.framework.utils.Reporter.reportStep(Reporter.java:111)
at com.framework.selenium.api.base.SeleniumBase.takeSnap(SeleniumBase.java:854)
at com.framework.utils.Reporter.reportStep(Reporter.java:84)
at com.framework.utils.Reporter.reportStep(Reporter.java:111)
at com.framework.selenium.api.base.SeleniumBase.takeSnap(SeleniumBase.java:854)
at com.framework.utils.Reporter.reportStep(Reporter.java:84)
at com.framework.utils.Reporter.reportStep(Reporter.java:111)
at com.framework.selenium.api.base.SeleniumBase.takeSnap(SeleniumBase.java:854)
at com.framework.utils.Reporter.reportStep(Reporter.java:84)
at com.framework.utils.Reporter.reportStep(Reporter.java:111)
at com.framework.selenium.api.base.SeleniumBase.takeSnap(SeleniumBase.java:854)
at com.framework.utils.Reporter.reportStep(Reporter.java:84)
at com.framework.utils.Reporter.reportStep(Reporter.java:111)
at com.framework.selenium.api.base.SeleniumBase.takeSnap(SeleniumBase.java:854)
at com.framework.utils.Reporter.reportStep(Reporter.java:84)
at com.framework.utils.Reporter.reportStep(Reporter.java:111)
at com.framework.selenium.api.base.SeleniumBase.takeSnap(SeleniumBase.java:854)
at com.framework.utils.Reporter.reportStep(Reporter.java:84)
at com.framework.utils.Reporter.reportStep(Reporter.java:111)
at com.framework.selenium.api.base.SeleniumBase.takeSnap(SeleniumBase.java:854)
at com.framework.utils.Reporter.reportStep(Reporter.java:84)
at com.framework.utils.Reporter.reportStep(Reporter.java:111)
at com.framework.selenium.api.base.SeleniumBase.takeSnap(SeleniumBase.java:854)
at com.framework.utils.Reporter.reportStep(Reporter.java:84)
at com.framework.utils.Reporter.reportStep(Reporter.java:111)
at com.framework.selenium.api.base.SeleniumBase.takeSnap(SeleniumBase.java:854)
at com.framework.utils.Reporter.reportStep(Reporter.java:84)
at com.framework.utils.Reporter.reportStep(Reporter.java:111)
at com.framework.selenium.api.base.SeleniumBase.takeSnap(SeleniumBase.java:854)
at com.framework.utils.Reporter.reportStep(Reporter.java:84)
at com.framework.utils.Reporter.reportStep(Reporter.java:111)
at com.framework.selenium.api.base.SeleniumBase.takeSnap(SeleniumBase.java:854)
at com.framework.utils.Reporter.reportStep(Reporter.java:84)
at com.framework.utils.Reporter.reportStep(Reporter.java:111)
at com.framework.selenium.api.base.SeleniumBase.takeSnap(SeleniumBase.java:854)
at com.framework.utils.Reporter.reportStep(Reporter.java:84)
at com.framework.utils.Reporter.reportStep(Reporter.java:111)
at com.framework.selenium.api.base.SeleniumBase.takeSnap(SeleniumBase.java:854)
at com.framework.utils.Reporter.reportStep(Reporter.java:84)
at com.framework.utils.Reporter.reportStep(Reporter.java:111)
at com.framework.selenium.api.base.SeleniumBase.takeSnap(SeleniumBase.java:854)
at com.framework.utils.Reporter.reportStep(Reporter.java:84)
at com.framework.utils.Reporter.reportStep(Reporter.java:111)
at com.framework.selenium.api.base.SeleniumBase.takeSnap(SeleniumBase.java:854)
at com.framework.utils.Reporter.reportStep(Reporter.java:84)
at com.framework.utils.Reporter.reportStep(Reporter.java:111)
at com.framework.selenium.api.base.SeleniumBase.takeSnap(SeleniumBase.java:854)
at com.framework.utils.Reporter.reportStep(Reporter.java:84)
at com.framework.utils.Reporter.reportStep(Reporter.java:111)
at com.framework.selenium.api.base.SeleniumBase.takeSnap(SeleniumBase.java:854)
at com.framework.utils.Reporter.reportStep(Reporter.java:84)
at com.framework.utils.Reporter.reportStep(Reporter.java:111)
at com.framework.selenium.api.base.SeleniumBase.takeSnap(SeleniumBase.java:854)
at com.framework.utils.Reporter.reportStep(Reporter.java:84)
at com.framework.utils.Reporter.reportStep(Reporter.java:111)
at com.framework.selenium.api.base.SeleniumBase.takeSnap(SeleniumBase.java:854)
at com.framework.utils.Reporter.reportStep(Reporter.java:84)
at com.framework.utils.Reporter.reportStep(Reporter.java:111)
at com.framework.selenium.api.base.SeleniumBase.takeSnap(SeleniumBase.java:854)
at com.framework.utils.Reporter.reportStep(Reporter.java:84)
at com.framework.utils.Reporter.reportStep(Reporter.java:111)
at com.framework.selenium.api.base.SeleniumBase.takeSnap(SeleniumBase.java:854)
at com.framework.utils.Reporter.reportStep(Reporter.java:84)
at com.framework.utils.Reporter.reportStep(Reporter.java:111)
at com.framework.selenium.api.base.SeleniumBase.takeSnap(SeleniumBase.java:854)
at com.framework.utils.Reporter.reportStep(Reporter.java:84)
at com.framework.utils.Reporter.reportStep(Reporter.java:111)
at com.framework.selenium.api.base.SeleniumBase.takeSnap(SeleniumBase.java:854)
at com.framework.utils.Reporter.reportStep(Reporter.java:84)
at com.framework.utils.Reporter.reportStep(Reporter.java:111)
at com.framework.selenium.api.base.SeleniumBase.takeSnap(SeleniumBase.java:854)
at com.framework.utils.Reporter.reportStep(Reporter.java:84)
at com.framework.utils.Reporter.reportStep(Reporter.java:111)
at com.framework.selenium.api.base.SeleniumBase.takeSnap(SeleniumBase.java:854)
at com.framework.utils.Reporter.reportStep(Reporter.java:84)
at com.framework.utils.Reporter.reportStep(Reporter.java:111)
at com.framework.selenium.api.base.SeleniumBase.takeSnap(SeleniumBase.java:854)
at com.framework.utils.Reporter.reportStep(Reporter.java:84)
at com.framework.utils.Reporter.reportStep(Reporter.java:111)
at com.framework.selenium.api.base.SeleniumBase.takeSnap(SeleniumBase.java:854)
at com.framework.utils.Reporter.reportStep(Reporter.java:84)
at com.framework.utils.Reporter.reportStep(Reporter.java:111)
at com.framework.selenium.api.base.SeleniumBase.takeSnap(SeleniumBase.java:854)
at com.framework.utils.Reporter.reportStep(Reporter.java:84)
at com.framework.utils.Reporter.reportStep(Reporter.java:111)
at com.framework.selenium.api.base.SeleniumBase.takeSnap(SeleniumBase.java:854)
at com.framework.utils.Reporter.reportStep(Reporter.java:84)
at com.framework.utils.Reporter.reportStep(Reporter.java:111)
at com.framework.selenium.api.base.SeleniumBase.takeSnap(SeleniumBase.java:854)
at com.framework.utils.Reporter.reportStep(Reporter.java:84)
at com.framework.utils.Reporter.reportStep(Reporter.java:111)
at com.framework.selenium.api.base.SeleniumBase.takeSnap(SeleniumBase.java:854)
at com.framework.utils.Reporter.reportStep(Reporter.java:84)
at com.framework.utils.Reporter.reportStep(Reporter.java:111)
at com.framework.selenium.api.base.SeleniumBase.takeSnap(SeleniumBase.java:854)
at com.framework.utils.Reporter.reportStep(Reporter.java:84)
at com.framework.utils.Reporter.reportStep(Reporter.java:111)
at com.framework.selenium.api.base.SeleniumBase.takeSnap(SeleniumBase.java:854)
at com.framework.utils.Reporter.reportStep(Reporter.java:84)
at com.framework.utils.Reporter.reportStep(Reporter.java:111)
at com.framework.selenium.api.base.SeleniumBase.takeSnap(SeleniumBase.java:854)
at com.framework.utils.Reporter.reportStep(Reporter.java:84)
at com.framework.utils.Reporter.reportStep(Reporter.java:111)
at com.framework.selenium.api.base.SeleniumBase.takeSnap(SeleniumBase.java:854)
at com.framework.utils.Reporter.reportStep(Reporter.java:84)
at com.framework.utils.Reporter.reportStep(Reporter.java:111)
at com.framework.selenium.api.base.SeleniumBase.takeSnap(SeleniumBase.java:854)
at com.framework.utils.Reporter.reportStep(Reporter.java:84)
at com.framework.utils.Reporter.reportStep(Reporter.java:111)
at com.framework.selenium.api.base.SeleniumBase.takeSnap(SeleniumBase.java:854)
at com.framework.utils.Reporter.reportStep(Reporter.java:84)
at com.framework.utils.Reporter.reportStep(Reporter.java:111)
at com.framework.selenium.api.base.SeleniumBase.takeSnap(SeleniumBase.java:854)
at com.framework.utils.Reporter.reportStep(Reporter.java:84)
at com.framework.utils.Reporter.reportStep(Reporter.java:111)
at com.framework.selenium.api.base.SeleniumBase.takeSnap(SeleniumBase.java:854)
at com.framework.utils.Reporter.reportStep(Reporter.java:84)
at com.framework.utils.Reporter.reportStep(Reporter.java:111)
at com.framework.selenium.api.base.SeleniumBase.takeSnap(SeleniumBase.java:854)
at com.framework.utils.Reporter.reportStep(Reporter.java:84)
at com.framework.utils.Reporter.reportStep(Reporter.java:111)
at com.framework.selenium.api.base.SeleniumBase.takeSnap(SeleniumBase.java:854)
at com.framework.utils.Reporter.reportStep(Reporter.java:84)
at com.framework.utils.Reporter.reportStep(Reporter.java:111)
at com.framework.selenium.api.base.SeleniumBase.takeSnap(SeleniumBase.java:854)
at com.framework.utils.Reporter.reportStep(Reporter.java:84)
at com.framework.utils.Reporter.reportStep(Reporter.java:111)
at com.framework.selenium.api.base.SeleniumBase.takeSnap(SeleniumBase.java:854)
at com.framework.utils.Reporter.reportStep(Reporter.java:84)
at com.framework.utils.Reporter.reportStep(Reporter.java:111)
at com.framework.selenium.api.base.SeleniumBase.takeSnap(SeleniumBase.java:854)
at com.framework.utils.Reporter.reportStep(Reporter.java:84)
at com.framework.utils.Reporter.reportStep(Reporter.java:111)
at com.framework.selenium.api.base.SeleniumBase.takeSnap(SeleniumBase.java:854)
at com.framework.utils.Reporter.reportStep(Reporter.java:84)
at com.framework.utils.Reporter.reportStep(Reporter.java:111)
at com.framework.selenium.api.base.SeleniumBase.takeSnap(SeleniumBase.java:854)
at com.framework.utils.Reporter.reportStep(Reporter.java:84)
at com.framework.utils.Reporter.reportStep(Reporter.java:111)
at com.framework.selenium.api.base.SeleniumBase.takeSnap(SeleniumBase.java:854)
at com.framework.utils.Reporter.reportStep(Reporter.java:84)
at com.framework.utils.Reporter.reportStep(Reporter.java:111)
at com.framework.selenium.api.base.SeleniumBase.takeSnap(SeleniumBase.java:854)
at com.framework.utils.Reporter.reportStep(Reporter.java:84)
at com.framework.utils.Reporter.reportStep(Reporter.java:111)
at com.framework.selenium.api.base.SeleniumBase.takeSnap(SeleniumBase.java:854)
at com.framework.utils.Reporter.reportStep(Reporter.java:84)
at com.framework.utils.Reporter.reportStep(Reporter.java:111)
at com.framework.selenium.api.base.SeleniumBase.takeSnap(SeleniumBase.java:854)
at com.framework.utils.Reporter.reportStep(Reporter.java:84)
at com.framework.utils.Reporter.reportStep(Reporter.java:111)
at com.framework.selenium.api.base.SeleniumBase.takeSnap(SeleniumBase.java:854)
at com.framework.utils.Reporter.reportStep(Reporter.java:84)
at com.framework.utils.Reporter.reportStep(Reporter.java:111)
at com.framework.selenium.api.base.SeleniumBase.takeSnap(SeleniumBase.java:854)
at com.framework.utils.Reporter.reportStep(Reporter.java:84)
at com.framework.utils.Reporter.reportStep(Reporter.java:111)
at com.framework.selenium.api.base.SeleniumBase.takeSnap(SeleniumBase.java:854)
at com.framework.utils.Reporter.reportStep(Reporter.java:84)
at com.framework.utils.Reporter.reportStep(Reporter.java:111)
at com.framework.selenium.api.base.SeleniumBase.takeSnap(SeleniumBase.java:854)
at com.framework.utils.Reporter.reportStep(Reporter.java:84)
at com.framework.utils.Reporter.reportStep(Reporter.java:111)
at com.framework.selenium.api.base.SeleniumBase.takeSnap(SeleniumBase.java:854)
at com.framework.utils.Reporter.reportStep(Reporter.java:84)
at com.framework.utils.Reporter.reportStep(Reporter.java:111)
at com.framework.selenium.api.base.SeleniumBase.takeSnap(SeleniumBase.java:854)
at com.framework.utils.Reporter.reportStep(Reporter.java:84)
at com.framework.utils.Reporter.reportStep(Reporter.java:111)
at com.framework.selenium.api.base.SeleniumBase.takeSnap(SeleniumBase.java:854)
at com.framework.utils.Reporter.reportStep(Reporter.java:84)
at com.framework.utils.Reporter.reportStep(Reporter.java:111)
at com.framework.selenium.api.base.SeleniumBase.takeSnap(SeleniumBase.java:854)
at com.framework.utils.Reporter.reportStep(Reporter.java:84)
at com.framework.utils.Reporter.reportStep(Reporter.java:111)
at com.framework.selenium.api.base.SeleniumBase.takeSnap(SeleniumBase.java:854)
at com.framework.utils.Reporter.reportStep(Reporter.java:84)
at com.framework.utils.Reporter.reportStep(Reporter.java:111)
at com.framework.selenium.api.base.SeleniumBase.takeSnap(SeleniumBase.java:854)
at com.framework.utils.Reporter.reportStep(Reporter.java:84)
at com.framework.utils.Reporter.reportStep(Reporter.java:111)
at com.framework.selenium.api.base.SeleniumBase.takeSnap(SeleniumBase.java:854)
at com.framework.utils.Reporter.reportStep(Reporter.java:84)
at com.framework.utils.Reporter.reportStep(Reporter.java:111)
at com.framework.selenium.api.base.SeleniumBase.takeSnap(SeleniumBase.java:854)
at com.framework.utils.Reporter.reportStep(Reporter.java:84)
at com.framework.utils.Reporter.reportStep(Reporter.java:111)
at com.framework.selenium.api.base.SeleniumBase.takeSnap(SeleniumBase.java:854)
at com.framework.utils.Reporter.reportStep(Reporter.java:84)
at com.framework.utils.Reporter.reportStep(Reporter.java:111)
at com.framework.selenium.api.base.SeleniumBase.takeSnap(SeleniumBase.java:854)
at com.framework.utils.Reporter.reportStep(Reporter.java:84)
at com.framework.utils.Reporter.reportStep(Reporter.java:111)
at com.framework.selenium.api.base.SeleniumBase.takeSnap(SeleniumBase.java:854)
at com.framework.utils.Reporter.reportStep(Reporter.java:84)
at com.framework.utils.Reporter.reportStep(Reporter.java:111)
at com.framework.selenium.api.base.SeleniumBase.takeSnap(SeleniumBase.java:854)
at com.framework.utils.Reporter.reportStep(Reporter.java:84)
at com.framework.utils.Reporter.reportStep(Reporter.java:111)
at com.framework.selenium.api.base.SeleniumBase.takeSnap(SeleniumBase.java:854)
at com.framework.utils.Reporter.reportStep(Reporter.java:84)
at com.framework.utils.Reporter.reportStep(Reporter.java:111)
at com.framework.selenium.api.base.SeleniumBase.takeSnap(SeleniumBase.java:854)
at com.framework.utils.Reporter.reportStep(Reporter.java:84)
at com.framework.utils.Reporter.reportStep(Reporter.java:111)
at com.framework.selenium.api.base.SeleniumBase.takeSnap(SeleniumBase.java:854)
at com.framework.utils.Reporter.reportStep(Reporter.java:84)
at com.framework.utils.Reporter.reportStep(Reporter.java:111)
at com.framework.selenium.api.base.SeleniumBase.takeSnap(SeleniumBase.java:854)
at com.framework.utils.Reporter.reportStep(Reporter.java:84)
at com.framework.utils.Reporter.reportStep(Reporter.java:111)
at com.framework.selenium.api.base.SeleniumBase.takeSnap(SeleniumBase.java:854)
at com.framework.utils.Reporter.reportStep(Reporter.java:84)
at com.framework.utils.Reporter.reportStep(Reporter.java:111)
at com.framework.selenium.api.base.SeleniumBase.takeSnap(SeleniumBase.java:854)
at com.framework.utils.Reporter.reportStep(Reporter.java:84)
at com.framework.utils.Reporter.reportStep(Reporter.java:111)
at com.framework.selenium.api.base.SeleniumBase.takeSnap(SeleniumBase.java:854)
at com.framework.utils.Reporter.reportStep(Reporter.java:84)
at com.framework.utils.Reporter.reportStep(Reporter.java:111)
at com.framework.selenium.api.base.SeleniumBase.takeSnap(SeleniumBase.java:854)
at com.framework.utils.Reporter.reportStep(Reporter.java:84)
at com.framework.utils.Reporter.reportStep(Reporter.java:111)
at com.framework.selenium.api.base.SeleniumBase.takeSnap(SeleniumBase.java:854)
at com.framework.utils.Reporter.reportStep(Reporter.java:84)
at com.framework.utils.Reporter.reportStep(Reporter.java:111)
at com.framework.selenium.api.base.SeleniumBase.takeSnap(SeleniumBase.java:854)
at com.framework.utils.Reporter.reportStep(Reporter.java:84)
at com.framework.utils.Reporter.reportStep(Reporter.java:111)
at com.framework.selenium.api.base.SeleniumBase.takeSnap(SeleniumBase.java:854)
at com.framework.utils.Reporter.reportStep(Reporter.java:84)
at com.framework.utils.Reporter.reportStep(Reporter.java:111)
at com.framework.selenium.api.base.SeleniumBase.takeSnap(SeleniumBase.java:854)
at com.framework.utils.Reporter.reportStep(Reporter.java:84)
at com.framework.utils.Reporter.reportStep(Reporter.java:111)
at com.framework.selenium.api.base.SeleniumBase.takeSnap(SeleniumBase.java:854)
at com.framework.utils.Reporter.reportStep(Reporter.java:84)
at com.framework.utils.Reporter.reportStep(Reporter.java:111)
at com.framework.selenium.api.base.SeleniumBase.takeSnap(SeleniumBase.java:854)
at com.framework.utils.Reporter.reportStep(Reporter.java:84)
at com.framework.utils.Reporter.reportStep(Reporter.java:111)
at com.framework.selenium.api.base.SeleniumBase.takeSnap(SeleniumBase.java:854)
at com.framework.utils.Reporter.reportStep(Reporter.java:84)
at com.framework.utils.Reporter.reportStep(Reporter.java:111)
at com.framework.selenium.api.base.SeleniumBase.takeSnap(SeleniumBase.java:854)
at com.framework.utils.Reporter.reportStep(Reporter.java:84)
at com.framework.utils.Reporter.reportStep(Reporter.java:111)
at com.framework.selenium.api.base.SeleniumBase.takeSnap(SeleniumBase.java:854)
at com.framework.utils.Reporter.reportStep(Reporter.java:84)
at com.framework.utils.Reporter.reportStep(Reporter.java:111)
at com.framework.selenium.api.base.SeleniumBase.takeSnap(SeleniumBase.java:854)
at com.framework.utils.Reporter.reportStep(Reporter.java:84)
at com.framework.utils.Reporter.reportStep(Reporter.java:111)
at com.framework.selenium.api.base.SeleniumBase.takeSnap(SeleniumBase.java:854)
at com.framework.utils.Reporter.reportStep(Reporter.java:84)
at com.framework.utils.Reporter.reportStep(Reporter.java:111)
at com.framework.selenium.api.base.SeleniumBase.takeSnap(SeleniumBase.java:854)
at com.framework.utils.Reporter.reportStep(Reporter.java:84)
at com.framework.utils.Reporter.reportStep(Reporter.java:111)
at com.framework.selenium.api.base.SeleniumBase.takeSnap(SeleniumBase.java:854)
at com.framework.utils.Reporter.reportStep(Reporter.java:84)
at com.framework.utils.Reporter.reportStep(Reporter.java:111)
at com.framework.selenium.api.base.SeleniumBase.takeSnap(SeleniumBase.java:854)
at com.framework.utils.Reporter.reportStep(Reporter.java:84)
at com.framework.utils.Reporter.reportStep(Reporter.java:111)
at com.framework.selenium.api.base.SeleniumBase.takeSnap(SeleniumBase.java:854)
at com.framework.utils.Reporter.reportStep(Reporter.java:84)
at com.framework.utils.Reporter.reportStep(Reporter.java:111)
at com.framework.selenium.api.base.SeleniumBase.takeSnap(SeleniumBase.java:854)
at com.framework.utils.Reporter.reportStep(Reporter.java:84)
at com.framework.utils.Reporter.reportStep(Reporter.java:111)
at com.framework.selenium.api.base.SeleniumBase.takeSnap(SeleniumBase.java:854)
at com.framework.utils.Reporter.reportStep(Reporter.java:84)
at com.framework.utils.Reporter.reportStep(Reporter.java:111)
at com.framework.selenium.api.base.SeleniumBase.takeSnap(SeleniumBase.java:854)
at com.framework.utils.Reporter.reportStep(Reporter.java:84)
at com.framework.utils.Reporter.reportStep(Reporter.java:111)
at com.framework.selenium.api.base.SeleniumBase.takeSnap(SeleniumBase.java:854)
at com.framework.utils.Reporter.reportStep(Reporter.java:84)
at com.framework.utils.Reporter.reportStep(Reporter.java:111)
at com.framework.selenium.api.base.SeleniumBase.takeSnap(SeleniumBase.java:854)
at com.framework.utils.Reporter.reportStep(Reporter.java:84)
at com.framework.utils.Reporter.reportStep(Reporter.java:111)
at com.framework.selenium.api.base.SeleniumBase.takeSnap(SeleniumBase.java:854)
]]>
    </error>
  </testcase> <!-- preCondition -->
  <system-out/>
  <testcase name="runCreateIncident" time="0.000" classname="com.servicenow.testcases.TC_001Create_Incident2">
    <skipped/>
  </testcase> <!-- runCreateIncident -->
  <system-out/>
</testsuite> <!-- com.servicenow.testcases.TC_001Create_Incident2 -->
